CRITICAL - 2024-05-26 15:11:48 --> CodeIgniter\View\Exceptions\ViewException: Invalid file: "barber/template/navbar.php"
[Method: GET, Route: booking]
in SYSTEMPATH\Exceptions\FrameworkException.php on line 41.
 1 SYSTEMPATH\View\View.php(222): CodeIgniter\Exceptions\FrameworkException::forInvalidFile('barber/template/navbar.php')
 2 SYSTEMPATH\View\View.php(484): CodeIgniter\View\View->render('barber/template/navbar', null, true)
 3 APPPATH\Views\barber\layout\template.php(45): CodeIgniter\View\View->include('barber/template/navbar')
 4 SYSTEMPATH\View\View.php(234): include('C:\\xampp\\htdocs\\Barber\\app\\Views\\barber\\layout\\template.php')
 5 SYSTEMPATH\View\View.php(237): CodeIgniter\View\View->CodeIgniter\View\{closure}()
 6 SYSTEMPATH\View\View.php(250): CodeIgniter\View\View->render('barber/layout/template', [], true)
 7 SYSTEMPATH\Common.php(1171): CodeIgniter\View\View->render('barber/booking/index', [], true)
 8 APPPATH\Controllers\Barber\BookingController.php(12): view('barber/booking/index')
 9 SYSTEMPATH\CodeIgniter.php(933): App\Controllers\Barber\BookingController->index()
10 SYSTEMPATH\CodeIgniter.php(509): CodeIgniter\CodeIgniter->runController(Object(App\Controllers\Barber\BookingController))
11 SYSTEMPATH\CodeIgniter.php(355): CodeIgniter\CodeIgniter->handleRequest(null, Object(Config\Cache), false)
12 SYSTEMPATH\Boot.php(312): CodeIgniter\CodeIgniter->run()
13 SYSTEMPATH\Boot.php(67): CodeIgniter\Boot::runCodeIgniter(Object(CodeIgniter\CodeIgniter))
14 FCPATH\index.php(56): CodeIgniter\Boot::bootWeb(Object(Config\Paths))
15 SYSTEMPATH\Commands\Server\rewrite.php(49): require_once('C:\\xampp\\htdocs\\Barber\\public\\index.php')
CRITICAL - 2024-05-26 15:23:55 --> ErrorException: Undefined variable $base_url
[Method: GET, Route: dashboard]
in APPPATH\Views\barber\layout\navbar.php on line 19.
 1 APPPATH\Views\barber\layout\navbar.php(19): CodeIgniter\Debug\Exceptions->errorHandler(2, 'Undefined variable $base_url', 'C:\\xampp\\htdocs\\Barber\\app\\Views\\barber\\layout\\navbar.php', 19)
 2 SYSTEMPATH\View\View.php(234): include('C:\\xampp\\htdocs\\Barber\\app\\Views\\barber\\layout\\navbar.php')
 3 SYSTEMPATH\View\View.php(237): CodeIgniter\View\View->CodeIgniter\View\{closure}()
 4 SYSTEMPATH\View\View.php(484): CodeIgniter\View\View->render('barber/layout/navbar', null, true)
 5 APPPATH\Views\barber\layout\template.php(45): CodeIgniter\View\View->include('barber/layout/navbar')
 6 SYSTEMPATH\View\View.php(234): include('C:\\xampp\\htdocs\\Barber\\app\\Views\\barber\\layout\\template.php')
 7 SYSTEMPATH\View\View.php(237): CodeIgniter\View\View->CodeIgniter\View\{closure}()
 8 SYSTEMPATH\View\View.php(250): CodeIgniter\View\View->render('barber/layout/template', [], true)
 9 SYSTEMPATH\Common.php(1171): CodeIgniter\View\View->render('Barber/dashboard/index', [], true)
10 APPPATH\Controllers\Barber\DashboardController.php(11): view('Barber/dashboard/index')
11 SYSTEMPATH\CodeIgniter.php(933): App\Controllers\Barber\DashboardController->index()
12 SYSTEMPATH\CodeIgniter.php(509): CodeIgniter\CodeIgniter->runController(Object(App\Controllers\Barber\DashboardController))
13 SYSTEMPATH\CodeIgniter.php(355): CodeIgniter\CodeIgniter->handleRequest(null, Object(Config\Cache), false)
14 SYSTEMPATH\Boot.php(312): CodeIgniter\CodeIgniter->run()
15 SYSTEMPATH\Boot.php(67): CodeIgniter\Boot::runCodeIgniter(Object(CodeIgniter\CodeIgniter))
16 FCPATH\index.php(56): CodeIgniter\Boot::bootWeb(Object(Config\Paths))
17 SYSTEMPATH\Commands\Server\rewrite.php(49): require_once('C:\\xampp\\htdocs\\Barber\\public\\index.php')
CRITICAL - 2024-05-26 15:28:27 --> ErrorException: Undefined variable $base_url
[Method: GET, Route: dashboard]
in APPPATH\Views\barber\layout\navbar.php on line 19.
 1 APPPATH\Views\barber\layout\navbar.php(19): CodeIgniter\Debug\Exceptions->errorHandler(2, 'Undefined variable $base_url', 'C:\\xampp\\htdocs\\Barber\\app\\Views\\barber\\layout\\navbar.php', 19)
 2 SYSTEMPATH\View\View.php(234): include('C:\\xampp\\htdocs\\Barber\\app\\Views\\barber\\layout\\navbar.php')
 3 SYSTEMPATH\View\View.php(237): CodeIgniter\View\View->CodeIgniter\View\{closure}()
 4 SYSTEMPATH\View\View.php(484): CodeIgniter\View\View->render('barber/layout/navbar', null, true)
 5 APPPATH\Views\barber\layout\template.php(45): CodeIgniter\View\View->include('barber/layout/navbar')
 6 SYSTEMPATH\View\View.php(234): include('C:\\xampp\\htdocs\\Barber\\app\\Views\\barber\\layout\\template.php')
 7 SYSTEMPATH\View\View.php(237): CodeIgniter\View\View->CodeIgniter\View\{closure}()
 8 SYSTEMPATH\View\View.php(250): CodeIgniter\View\View->render('barber/layout/template', [], true)
 9 SYSTEMPATH\Common.php(1171): CodeIgniter\View\View->render('Barber/dashboard/index', [], true)
10 APPPATH\Controllers\Barber\DashboardController.php(11): view('Barber/dashboard/index')
11 SYSTEMPATH\CodeIgniter.php(933): App\Controllers\Barber\DashboardController->index()
12 SYSTEMPATH\CodeIgniter.php(509): CodeIgniter\CodeIgniter->runController(Object(App\Controllers\Barber\DashboardController))
13 SYSTEMPATH\CodeIgniter.php(355): CodeIgniter\CodeIgniter->handleRequest(null, Object(Config\Cache), false)
14 SYSTEMPATH\Boot.php(312): CodeIgniter\CodeIgniter->run()
15 SYSTEMPATH\Boot.php(67): CodeIgniter\Boot::runCodeIgniter(Object(CodeIgniter\CodeIgniter))
16 FCPATH\index.php(56): CodeIgniter\Boot::bootWeb(Object(Config\Paths))
17 SYSTEMPATH\Commands\Server\rewrite.php(49): require_once('C:\\xampp\\htdocs\\Barber\\public\\index.php')
CRITICAL - 2024-05-26 15:28:35 --> ErrorException: Undefined variable $base_url
[Method: GET, Route: dashboard]
in APPPATH\Views\barber\layout\navbar.php on line 19.
 1 APPPATH\Views\barber\layout\navbar.php(19): CodeIgniter\Debug\Exceptions->errorHandler(2, 'Undefined variable $base_url', 'C:\\xampp\\htdocs\\Barber\\app\\Views\\barber\\layout\\navbar.php', 19)
 2 SYSTEMPATH\View\View.php(234): include('C:\\xampp\\htdocs\\Barber\\app\\Views\\barber\\layout\\navbar.php')
 3 SYSTEMPATH\View\View.php(237): CodeIgniter\View\View->CodeIgniter\View\{closure}()
 4 SYSTEMPATH\View\View.php(484): CodeIgniter\View\View->render('barber/layout/navbar', null, true)
 5 APPPATH\Views\barber\layout\template.php(45): CodeIgniter\View\View->include('barber/layout/navbar')
 6 SYSTEMPATH\View\View.php(234): include('C:\\xampp\\htdocs\\Barber\\app\\Views\\barber\\layout\\template.php')
 7 SYSTEMPATH\View\View.php(237): CodeIgniter\View\View->CodeIgniter\View\{closure}()
 8 SYSTEMPATH\View\View.php(250): CodeIgniter\View\View->render('barber/layout/template', [], true)
 9 SYSTEMPATH\Common.php(1171): CodeIgniter\View\View->render('Barber/dashboard/index', [], true)
10 APPPATH\Controllers\Barber\DashboardController.php(11): view('Barber/dashboard/index')
11 SYSTEMPATH\CodeIgniter.php(933): App\Controllers\Barber\DashboardController->index()
12 SYSTEMPATH\CodeIgniter.php(509): CodeIgniter\CodeIgniter->runController(Object(App\Controllers\Barber\DashboardController))
13 SYSTEMPATH\CodeIgniter.php(355): CodeIgniter\CodeIgniter->handleRequest(null, Object(Config\Cache), false)
14 SYSTEMPATH\Boot.php(312): CodeIgniter\CodeIgniter->run()
15 SYSTEMPATH\Boot.php(67): CodeIgniter\Boot::runCodeIgniter(Object(CodeIgniter\CodeIgniter))
16 FCPATH\index.php(56): CodeIgniter\Boot::bootWeb(Object(Config\Paths))
17 SYSTEMPATH\Commands\Server\rewrite.php(49): require_once('C:\\xampp\\htdocs\\Barber\\public\\index.php')
CRITICAL - 2024-05-26 15:28:36 --> ErrorException: Undefined variable $base_url
[Method: GET, Route: dashboard]
in APPPATH\Views\barber\layout\navbar.php on line 19.
 1 APPPATH\Views\barber\layout\navbar.php(19): CodeIgniter\Debug\Exceptions->errorHandler(2, 'Undefined variable $base_url', 'C:\\xampp\\htdocs\\Barber\\app\\Views\\barber\\layout\\navbar.php', 19)
 2 SYSTEMPATH\View\View.php(234): include('C:\\xampp\\htdocs\\Barber\\app\\Views\\barber\\layout\\navbar.php')
 3 SYSTEMPATH\View\View.php(237): CodeIgniter\View\View->CodeIgniter\View\{closure}()
 4 SYSTEMPATH\View\View.php(484): CodeIgniter\View\View->render('barber/layout/navbar', null, true)
 5 APPPATH\Views\barber\layout\template.php(45): CodeIgniter\View\View->include('barber/layout/navbar')
 6 SYSTEMPATH\View\View.php(234): include('C:\\xampp\\htdocs\\Barber\\app\\Views\\barber\\layout\\template.php')
 7 SYSTEMPATH\View\View.php(237): CodeIgniter\View\View->CodeIgniter\View\{closure}()
 8 SYSTEMPATH\View\View.php(250): CodeIgniter\View\View->render('barber/layout/template', [], true)
 9 SYSTEMPATH\Common.php(1171): CodeIgniter\View\View->render('Barber/dashboard/index', [], true)
10 APPPATH\Controllers\Barber\DashboardController.php(11): view('Barber/dashboard/index')
11 SYSTEMPATH\CodeIgniter.php(933): App\Controllers\Barber\DashboardController->index()
12 SYSTEMPATH\CodeIgniter.php(509): CodeIgniter\CodeIgniter->runController(Object(App\Controllers\Barber\DashboardController))
13 SYSTEMPATH\CodeIgniter.php(355): CodeIgniter\CodeIgniter->handleRequest(null, Object(Config\Cache), false)
14 SYSTEMPATH\Boot.php(312): CodeIgniter\CodeIgniter->run()
15 SYSTEMPATH\Boot.php(67): CodeIgniter\Boot::runCodeIgniter(Object(CodeIgniter\CodeIgniter))
16 FCPATH\index.php(56): CodeIgniter\Boot::bootWeb(Object(Config\Paths))
17 SYSTEMPATH\Commands\Server\rewrite.php(49): require_once('C:\\xampp\\htdocs\\Barber\\public\\index.php')
CRITICAL - 2024-05-26 15:35:43 --> ErrorException: Undefined variable $title
[Method: GET, Route: daftar-booking]
in APPPATH\Views\barber\layout\template.php on line 9.
 1 APPPATH\Views\barber\layout\template.php(9): CodeIgniter\Debug\Exceptions->errorHandler(2, 'Undefined variable $title', 'C:\\xampp\\htdocs\\Barber\\app\\Views\\barber\\layout\\template.php', 9)
 2 SYSTEMPATH\View\View.php(234): include('C:\\xampp\\htdocs\\Barber\\app\\Views\\barber\\layout\\template.php')
 3 SYSTEMPATH\View\View.php(237): CodeIgniter\View\View->CodeIgniter\View\{closure}()
 4 SYSTEMPATH\View\View.php(250): CodeIgniter\View\View->render('barber/layout/template', [], true)
 5 SYSTEMPATH\Common.php(1171): CodeIgniter\View\View->render('barber/booking/index', [], true)
 6 APPPATH\Controllers\Barber\BookingController.php(16): view('barber/booking/index')
 7 SYSTEMPATH\CodeIgniter.php(933): App\Controllers\Barber\BookingController->index()
 8 SYSTEMPATH\CodeIgniter.php(509): CodeIgniter\CodeIgniter->runController(Object(App\Controllers\Barber\BookingController))
 9 SYSTEMPATH\CodeIgniter.php(355): CodeIgniter\CodeIgniter->handleRequest(null, Object(Config\Cache), false)
10 SYSTEMPATH\Boot.php(312): CodeIgniter\CodeIgniter->run()
11 SYSTEMPATH\Boot.php(67): CodeIgniter\Boot::runCodeIgniter(Object(CodeIgniter\CodeIgniter))
12 FCPATH\index.php(56): CodeIgniter\Boot::bootWeb(Object(Config\Paths))
13 SYSTEMPATH\Commands\Server\rewrite.php(49): require_once('C:\\xampp\\htdocs\\Barber\\public\\index.php')
CRITICAL - 2024-05-26 15:35:46 --> ErrorException: Undefined variable $title
[Method: GET, Route: daftar-booking]
in APPPATH\Views\barber\layout\template.php on line 9.
 1 APPPATH\Views\barber\layout\template.php(9): CodeIgniter\Debug\Exceptions->errorHandler(2, 'Undefined variable $title', 'C:\\xampp\\htdocs\\Barber\\app\\Views\\barber\\layout\\template.php', 9)
 2 SYSTEMPATH\View\View.php(234): include('C:\\xampp\\htdocs\\Barber\\app\\Views\\barber\\layout\\template.php')
 3 SYSTEMPATH\View\View.php(237): CodeIgniter\View\View->CodeIgniter\View\{closure}()
 4 SYSTEMPATH\View\View.php(250): CodeIgniter\View\View->render('barber/layout/template', [], true)
 5 SYSTEMPATH\Common.php(1171): CodeIgniter\View\View->render('barber/booking/index', [], true)
 6 APPPATH\Controllers\Barber\BookingController.php(16): view('barber/booking/index')
 7 SYSTEMPATH\CodeIgniter.php(933): App\Controllers\Barber\BookingController->index()
 8 SYSTEMPATH\CodeIgniter.php(509): CodeIgniter\CodeIgniter->runController(Object(App\Controllers\Barber\BookingController))
 9 SYSTEMPATH\CodeIgniter.php(355): CodeIgniter\CodeIgniter->handleRequest(null, Object(Config\Cache), false)
10 SYSTEMPATH\Boot.php(312): CodeIgniter\CodeIgniter->run()
11 SYSTEMPATH\Boot.php(67): CodeIgniter\Boot::runCodeIgniter(Object(CodeIgniter\CodeIgniter))
12 FCPATH\index.php(56): CodeIgniter\Boot::bootWeb(Object(Config\Paths))
13 SYSTEMPATH\Commands\Server\rewrite.php(49): require_once('C:\\xampp\\htdocs\\Barber\\public\\index.php')
CRITICAL - 2024-05-26 15:35:48 --> ErrorException: Undefined variable $title
[Method: GET, Route: daftar-booking]
in APPPATH\Views\barber\layout\template.php on line 9.
 1 APPPATH\Views\barber\layout\template.php(9): CodeIgniter\Debug\Exceptions->errorHandler(2, 'Undefined variable $title', 'C:\\xampp\\htdocs\\Barber\\app\\Views\\barber\\layout\\template.php', 9)
 2 SYSTEMPATH\View\View.php(234): include('C:\\xampp\\htdocs\\Barber\\app\\Views\\barber\\layout\\template.php')
 3 SYSTEMPATH\View\View.php(237): CodeIgniter\View\View->CodeIgniter\View\{closure}()
 4 SYSTEMPATH\View\View.php(250): CodeIgniter\View\View->render('barber/layout/template', [], true)
 5 SYSTEMPATH\Common.php(1171): CodeIgniter\View\View->render('barber/booking/index', [], true)
 6 APPPATH\Controllers\Barber\BookingController.php(16): view('barber/booking/index')
 7 SYSTEMPATH\CodeIgniter.php(933): App\Controllers\Barber\BookingController->index()
 8 SYSTEMPATH\CodeIgniter.php(509): CodeIgniter\CodeIgniter->runController(Object(App\Controllers\Barber\BookingController))
 9 SYSTEMPATH\CodeIgniter.php(355): CodeIgniter\CodeIgniter->handleRequest(null, Object(Config\Cache), false)
10 SYSTEMPATH\Boot.php(312): CodeIgniter\CodeIgniter->run()
11 SYSTEMPATH\Boot.php(67): CodeIgniter\Boot::runCodeIgniter(Object(CodeIgniter\CodeIgniter))
12 FCPATH\index.php(56): CodeIgniter\Boot::bootWeb(Object(Config\Paths))
13 SYSTEMPATH\Commands\Server\rewrite.php(49): require_once('C:\\xampp\\htdocs\\Barber\\public\\index.php')
CRITICAL - 2024-05-26 15:35:49 --> ErrorException: Undefined variable $title
[Method: GET, Route: daftar-booking]
in APPPATH\Views\barber\layout\template.php on line 9.
 1 APPPATH\Views\barber\layout\template.php(9): CodeIgniter\Debug\Exceptions->errorHandler(2, 'Undefined variable $title', 'C:\\xampp\\htdocs\\Barber\\app\\Views\\barber\\layout\\template.php', 9)
 2 SYSTEMPATH\View\View.php(234): include('C:\\xampp\\htdocs\\Barber\\app\\Views\\barber\\layout\\template.php')
 3 SYSTEMPATH\View\View.php(237): CodeIgniter\View\View->CodeIgniter\View\{closure}()
 4 SYSTEMPATH\View\View.php(250): CodeIgniter\View\View->render('barber/layout/template', [], true)
 5 SYSTEMPATH\Common.php(1171): CodeIgniter\View\View->render('barber/booking/index', [], true)
 6 APPPATH\Controllers\Barber\BookingController.php(16): view('barber/booking/index')
 7 SYSTEMPATH\CodeIgniter.php(933): App\Controllers\Barber\BookingController->index()
 8 SYSTEMPATH\CodeIgniter.php(509): CodeIgniter\CodeIgniter->runController(Object(App\Controllers\Barber\BookingController))
 9 SYSTEMPATH\CodeIgniter.php(355): CodeIgniter\CodeIgniter->handleRequest(null, Object(Config\Cache), false)
10 SYSTEMPATH\Boot.php(312): CodeIgniter\CodeIgniter->run()
11 SYSTEMPATH\Boot.php(67): CodeIgniter\Boot::runCodeIgniter(Object(CodeIgniter\CodeIgniter))
12 FCPATH\index.php(56): CodeIgniter\Boot::bootWeb(Object(Config\Paths))
13 SYSTEMPATH\Commands\Server\rewrite.php(49): require_once('C:\\xampp\\htdocs\\Barber\\public\\index.php')
CRITICAL - 2024-05-26 15:35:50 --> ErrorException: Undefined variable $title
[Method: GET, Route: daftar-booking]
in APPPATH\Views\barber\layout\template.php on line 9.
 1 APPPATH\Views\barber\layout\template.php(9): CodeIgniter\Debug\Exceptions->errorHandler(2, 'Undefined variable $title', 'C:\\xampp\\htdocs\\Barber\\app\\Views\\barber\\layout\\template.php', 9)
 2 SYSTEMPATH\View\View.php(234): include('C:\\xampp\\htdocs\\Barber\\app\\Views\\barber\\layout\\template.php')
 3 SYSTEMPATH\View\View.php(237): CodeIgniter\View\View->CodeIgniter\View\{closure}()
 4 SYSTEMPATH\View\View.php(250): CodeIgniter\View\View->render('barber/layout/template', [], true)
 5 SYSTEMPATH\Common.php(1171): CodeIgniter\View\View->render('barber/booking/index', [], true)
 6 APPPATH\Controllers\Barber\BookingController.php(16): view('barber/booking/index')
 7 SYSTEMPATH\CodeIgniter.php(933): App\Controllers\Barber\BookingController->index()
 8 SYSTEMPATH\CodeIgniter.php(509): CodeIgniter\CodeIgniter->runController(Object(App\Controllers\Barber\BookingController))
 9 SYSTEMPATH\CodeIgniter.php(355): CodeIgniter\CodeIgniter->handleRequest(null, Object(Config\Cache), false)
10 SYSTEMPATH\Boot.php(312): CodeIgniter\CodeIgniter->run()
11 SYSTEMPATH\Boot.php(67): CodeIgniter\Boot::runCodeIgniter(Object(CodeIgniter\CodeIgniter))
12 FCPATH\index.php(56): CodeIgniter\Boot::bootWeb(Object(Config\Paths))
13 SYSTEMPATH\Commands\Server\rewrite.php(49): require_once('C:\\xampp\\htdocs\\Barber\\public\\index.php')
CRITICAL - 2024-05-26 15:36:53 --> ErrorException: Undefined variable $title
[Method: GET, Route: daftar-booking]
in APPPATH\Views\barber\layout\template.php on line 9.
 1 APPPATH\Views\barber\layout\template.php(9): CodeIgniter\Debug\Exceptions->errorHandler(2, 'Undefined variable $title', 'C:\\xampp\\htdocs\\Barber\\app\\Views\\barber\\layout\\template.php', 9)
 2 SYSTEMPATH\View\View.php(234): include('C:\\xampp\\htdocs\\Barber\\app\\Views\\barber\\layout\\template.php')
 3 SYSTEMPATH\View\View.php(237): CodeIgniter\View\View->CodeIgniter\View\{closure}()
 4 SYSTEMPATH\View\View.php(250): CodeIgniter\View\View->render('barber/layout/template', [], true)
 5 SYSTEMPATH\Common.php(1171): CodeIgniter\View\View->render('barber/booking/index', [], true)
 6 APPPATH\Controllers\Barber\BookingController.php(16): view('barber/booking/index')
 7 SYSTEMPATH\CodeIgniter.php(933): App\Controllers\Barber\BookingController->index()
 8 SYSTEMPATH\CodeIgniter.php(509): CodeIgniter\CodeIgniter->runController(Object(App\Controllers\Barber\BookingController))
 9 SYSTEMPATH\CodeIgniter.php(355): CodeIgniter\CodeIgniter->handleRequest(null, Object(Config\Cache), false)
10 SYSTEMPATH\Boot.php(312): CodeIgniter\CodeIgniter->run()
11 SYSTEMPATH\Boot.php(67): CodeIgniter\Boot::runCodeIgniter(Object(CodeIgniter\CodeIgniter))
12 FCPATH\index.php(56): CodeIgniter\Boot::bootWeb(Object(Config\Paths))
13 SYSTEMPATH\Commands\Server\rewrite.php(49): require_once('C:\\xampp\\htdocs\\Barber\\public\\index.php')
CRITICAL - 2024-05-26 15:38:21 --> ErrorException: Undefined variable $title
[Method: GET, Route: daftar-booking]
in APPPATH\Views\barber\layout\template.php on line 9.
 1 APPPATH\Views\barber\layout\template.php(9): CodeIgniter\Debug\Exceptions->errorHandler(2, 'Undefined variable $title', 'C:\\xampp\\htdocs\\Barber\\app\\Views\\barber\\layout\\template.php', 9)
 2 SYSTEMPATH\View\View.php(234): include('C:\\xampp\\htdocs\\Barber\\app\\Views\\barber\\layout\\template.php')
 3 SYSTEMPATH\View\View.php(237): CodeIgniter\View\View->CodeIgniter\View\{closure}()
 4 SYSTEMPATH\View\View.php(250): CodeIgniter\View\View->render('barber/layout/template', [], true)
 5 SYSTEMPATH\Common.php(1171): CodeIgniter\View\View->render('barber/booking/index', [], true)
 6 APPPATH\Controllers\Barber\BookingController.php(16): view('barber/booking/index')
 7 SYSTEMPATH\CodeIgniter.php(933): App\Controllers\Barber\BookingController->index()
 8 SYSTEMPATH\CodeIgniter.php(509): CodeIgniter\CodeIgniter->runController(Object(App\Controllers\Barber\BookingController))
 9 SYSTEMPATH\CodeIgniter.php(355): CodeIgniter\CodeIgniter->handleRequest(null, Object(Config\Cache), false)
10 SYSTEMPATH\Boot.php(312): CodeIgniter\CodeIgniter->run()
11 SYSTEMPATH\Boot.php(67): CodeIgniter\Boot::runCodeIgniter(Object(CodeIgniter\CodeIgniter))
12 FCPATH\index.php(56): CodeIgniter\Boot::bootWeb(Object(Config\Paths))
13 SYSTEMPATH\Commands\Server\rewrite.php(49): require_once('C:\\xampp\\htdocs\\Barber\\public\\index.php')
CRITICAL - 2024-05-26 15:39:11 --> ErrorException: Undefined variable $title
[Method: GET, Route: daftar-booking]
in APPPATH\Views\barber\layout\template.php on line 9.
 1 APPPATH\Views\barber\layout\template.php(9): CodeIgniter\Debug\Exceptions->errorHandler(2, 'Undefined variable $title', 'C:\\xampp\\htdocs\\Barber\\app\\Views\\barber\\layout\\template.php', 9)
 2 SYSTEMPATH\View\View.php(234): include('C:\\xampp\\htdocs\\Barber\\app\\Views\\barber\\layout\\template.php')
 3 SYSTEMPATH\View\View.php(237): CodeIgniter\View\View->CodeIgniter\View\{closure}()
 4 SYSTEMPATH\View\View.php(250): CodeIgniter\View\View->render('barber/layout/template', [], true)
 5 SYSTEMPATH\Common.php(1171): CodeIgniter\View\View->render('barber/booking/index', [], true)
 6 APPPATH\Controllers\Barber\BookingController.php(16): view('barber/booking/index')
 7 SYSTEMPATH\CodeIgniter.php(933): App\Controllers\Barber\BookingController->index()
 8 SYSTEMPATH\CodeIgniter.php(509): CodeIgniter\CodeIgniter->runController(Object(App\Controllers\Barber\BookingController))
 9 SYSTEMPATH\CodeIgniter.php(355): CodeIgniter\CodeIgniter->handleRequest(null, Object(Config\Cache), false)
10 SYSTEMPATH\Boot.php(312): CodeIgniter\CodeIgniter->run()
11 SYSTEMPATH\Boot.php(67): CodeIgniter\Boot::runCodeIgniter(Object(CodeIgniter\CodeIgniter))
12 FCPATH\index.php(56): CodeIgniter\Boot::bootWeb(Object(Config\Paths))
13 SYSTEMPATH\Commands\Server\rewrite.php(49): require_once('C:\\xampp\\htdocs\\Barber\\public\\index.php')
CRITICAL - 2024-05-26 15:39:12 --> ErrorException: Undefined variable $title
[Method: GET, Route: daftar-booking]
in APPPATH\Views\barber\layout\template.php on line 9.
 1 APPPATH\Views\barber\layout\template.php(9): CodeIgniter\Debug\Exceptions->errorHandler(2, 'Undefined variable $title', 'C:\\xampp\\htdocs\\Barber\\app\\Views\\barber\\layout\\template.php', 9)
 2 SYSTEMPATH\View\View.php(234): include('C:\\xampp\\htdocs\\Barber\\app\\Views\\barber\\layout\\template.php')
 3 SYSTEMPATH\View\View.php(237): CodeIgniter\View\View->CodeIgniter\View\{closure}()
 4 SYSTEMPATH\View\View.php(250): CodeIgniter\View\View->render('barber/layout/template', [], true)
 5 SYSTEMPATH\Common.php(1171): CodeIgniter\View\View->render('barber/booking/index', [], true)
 6 APPPATH\Controllers\Barber\BookingController.php(16): view('barber/booking/index')
 7 SYSTEMPATH\CodeIgniter.php(933): App\Controllers\Barber\BookingController->index()
 8 SYSTEMPATH\CodeIgniter.php(509): CodeIgniter\CodeIgniter->runController(Object(App\Controllers\Barber\BookingController))
 9 SYSTEMPATH\CodeIgniter.php(355): CodeIgniter\CodeIgniter->handleRequest(null, Object(Config\Cache), false)
10 SYSTEMPATH\Boot.php(312): CodeIgniter\CodeIgniter->run()
11 SYSTEMPATH\Boot.php(67): CodeIgniter\Boot::runCodeIgniter(Object(CodeIgniter\CodeIgniter))
12 FCPATH\index.php(56): CodeIgniter\Boot::bootWeb(Object(Config\Paths))
13 SYSTEMPATH\Commands\Server\rewrite.php(49): require_once('C:\\xampp\\htdocs\\Barber\\public\\index.php')
CRITICAL - 2024-05-26 15:39:14 --> ErrorException: Undefined variable $title
[Method: GET, Route: daftar-booking]
in APPPATH\Views\barber\layout\template.php on line 9.
 1 APPPATH\Views\barber\layout\template.php(9): CodeIgniter\Debug\Exceptions->errorHandler(2, 'Undefined variable $title', 'C:\\xampp\\htdocs\\Barber\\app\\Views\\barber\\layout\\template.php', 9)
 2 SYSTEMPATH\View\View.php(234): include('C:\\xampp\\htdocs\\Barber\\app\\Views\\barber\\layout\\template.php')
 3 SYSTEMPATH\View\View.php(237): CodeIgniter\View\View->CodeIgniter\View\{closure}()
 4 SYSTEMPATH\View\View.php(250): CodeIgniter\View\View->render('barber/layout/template', [], true)
 5 SYSTEMPATH\Common.php(1171): CodeIgniter\View\View->render('barber/booking/index', [], true)
 6 APPPATH\Controllers\Barber\BookingController.php(16): view('barber/booking/index')
 7 SYSTEMPATH\CodeIgniter.php(933): App\Controllers\Barber\BookingController->index()
 8 SYSTEMPATH\CodeIgniter.php(509): CodeIgniter\CodeIgniter->runController(Object(App\Controllers\Barber\BookingController))
 9 SYSTEMPATH\CodeIgniter.php(355): CodeIgniter\CodeIgniter->handleRequest(null, Object(Config\Cache), false)
10 SYSTEMPATH\Boot.php(312): CodeIgniter\CodeIgniter->run()
11 SYSTEMPATH\Boot.php(67): CodeIgniter\Boot::runCodeIgniter(Object(CodeIgniter\CodeIgniter))
12 FCPATH\index.php(56): CodeIgniter\Boot::bootWeb(Object(Config\Paths))
13 SYSTEMPATH\Commands\Server\rewrite.php(49): require_once('C:\\xampp\\htdocs\\Barber\\public\\index.php')
CRITICAL - 2024-05-26 15:39:18 --> ErrorException: Undefined variable $title
[Method: GET, Route: daftar-booking]
in APPPATH\Views\barber\layout\template.php on line 9.
 1 APPPATH\Views\barber\layout\template.php(9): CodeIgniter\Debug\Exceptions->errorHandler(2, 'Undefined variable $title', 'C:\\xampp\\htdocs\\Barber\\app\\Views\\barber\\layout\\template.php', 9)
 2 SYSTEMPATH\View\View.php(234): include('C:\\xampp\\htdocs\\Barber\\app\\Views\\barber\\layout\\template.php')
 3 SYSTEMPATH\View\View.php(237): CodeIgniter\View\View->CodeIgniter\View\{closure}()
 4 SYSTEMPATH\View\View.php(250): CodeIgniter\View\View->render('barber/layout/template', [], true)
 5 SYSTEMPATH\Common.php(1171): CodeIgniter\View\View->render('barber/booking/index', [], true)
 6 APPPATH\Controllers\Barber\BookingController.php(16): view('barber/booking/index')
 7 SYSTEMPATH\CodeIgniter.php(933): App\Controllers\Barber\BookingController->index()
 8 SYSTEMPATH\CodeIgniter.php(509): CodeIgniter\CodeIgniter->runController(Object(App\Controllers\Barber\BookingController))
 9 SYSTEMPATH\CodeIgniter.php(355): CodeIgniter\CodeIgniter->handleRequest(null, Object(Config\Cache), false)
10 SYSTEMPATH\Boot.php(312): CodeIgniter\CodeIgniter->run()
11 SYSTEMPATH\Boot.php(67): CodeIgniter\Boot::runCodeIgniter(Object(CodeIgniter\CodeIgniter))
12 FCPATH\index.php(56): CodeIgniter\Boot::bootWeb(Object(Config\Paths))
13 SYSTEMPATH\Commands\Server\rewrite.php(49): require_once('C:\\xampp\\htdocs\\Barber\\public\\index.php')
CRITICAL - 2024-05-26 15:39:19 --> ErrorException: Undefined variable $title
[Method: GET, Route: daftar-booking]
in APPPATH\Views\barber\layout\template.php on line 9.
 1 APPPATH\Views\barber\layout\template.php(9): CodeIgniter\Debug\Exceptions->errorHandler(2, 'Undefined variable $title', 'C:\\xampp\\htdocs\\Barber\\app\\Views\\barber\\layout\\template.php', 9)
 2 SYSTEMPATH\View\View.php(234): include('C:\\xampp\\htdocs\\Barber\\app\\Views\\barber\\layout\\template.php')
 3 SYSTEMPATH\View\View.php(237): CodeIgniter\View\View->CodeIgniter\View\{closure}()
 4 SYSTEMPATH\View\View.php(250): CodeIgniter\View\View->render('barber/layout/template', [], true)
 5 SYSTEMPATH\Common.php(1171): CodeIgniter\View\View->render('barber/booking/index', [], true)
 6 APPPATH\Controllers\Barber\BookingController.php(16): view('barber/booking/index')
 7 SYSTEMPATH\CodeIgniter.php(933): App\Controllers\Barber\BookingController->index()
 8 SYSTEMPATH\CodeIgniter.php(509): CodeIgniter\CodeIgniter->runController(Object(App\Controllers\Barber\BookingController))
 9 SYSTEMPATH\CodeIgniter.php(355): CodeIgniter\CodeIgniter->handleRequest(null, Object(Config\Cache), false)
10 SYSTEMPATH\Boot.php(312): CodeIgniter\CodeIgniter->run()
11 SYSTEMPATH\Boot.php(67): CodeIgniter\Boot::runCodeIgniter(Object(CodeIgniter\CodeIgniter))
12 FCPATH\index.php(56): CodeIgniter\Boot::bootWeb(Object(Config\Paths))
13 SYSTEMPATH\Commands\Server\rewrite.php(49): require_once('C:\\xampp\\htdocs\\Barber\\public\\index.php')
CRITICAL - 2024-05-26 15:39:20 --> ErrorException: Undefined variable $title
[Method: GET, Route: daftar-booking]
in APPPATH\Views\barber\layout\template.php on line 9.
 1 APPPATH\Views\barber\layout\template.php(9): CodeIgniter\Debug\Exceptions->errorHandler(2, 'Undefined variable $title', 'C:\\xampp\\htdocs\\Barber\\app\\Views\\barber\\layout\\template.php', 9)
 2 SYSTEMPATH\View\View.php(234): include('C:\\xampp\\htdocs\\Barber\\app\\Views\\barber\\layout\\template.php')
 3 SYSTEMPATH\View\View.php(237): CodeIgniter\View\View->CodeIgniter\View\{closure}()
 4 SYSTEMPATH\View\View.php(250): CodeIgniter\View\View->render('barber/layout/template', [], true)
 5 SYSTEMPATH\Common.php(1171): CodeIgniter\View\View->render('barber/booking/index', [], true)
 6 APPPATH\Controllers\Barber\BookingController.php(16): view('barber/booking/index')
 7 SYSTEMPATH\CodeIgniter.php(933): App\Controllers\Barber\BookingController->index()
 8 SYSTEMPATH\CodeIgniter.php(509): CodeIgniter\CodeIgniter->runController(Object(App\Controllers\Barber\BookingController))
 9 SYSTEMPATH\CodeIgniter.php(355): CodeIgniter\CodeIgniter->handleRequest(null, Object(Config\Cache), false)
10 SYSTEMPATH\Boot.php(312): CodeIgniter\CodeIgniter->run()
11 SYSTEMPATH\Boot.php(67): CodeIgniter\Boot::runCodeIgniter(Object(CodeIgniter\CodeIgniter))
12 FCPATH\index.php(56): CodeIgniter\Boot::bootWeb(Object(Config\Paths))
13 SYSTEMPATH\Commands\Server\rewrite.php(49): require_once('C:\\xampp\\htdocs\\Barber\\public\\index.php')
CRITICAL - 2024-05-26 15:39:21 --> ErrorException: Undefined variable $title
[Method: GET, Route: daftar-booking]
in APPPATH\Views\barber\layout\template.php on line 9.
 1 APPPATH\Views\barber\layout\template.php(9): CodeIgniter\Debug\Exceptions->errorHandler(2, 'Undefined variable $title', 'C:\\xampp\\htdocs\\Barber\\app\\Views\\barber\\layout\\template.php', 9)
 2 SYSTEMPATH\View\View.php(234): include('C:\\xampp\\htdocs\\Barber\\app\\Views\\barber\\layout\\template.php')
 3 SYSTEMPATH\View\View.php(237): CodeIgniter\View\View->CodeIgniter\View\{closure}()
 4 SYSTEMPATH\View\View.php(250): CodeIgniter\View\View->render('barber/layout/template', [], true)
 5 SYSTEMPATH\Common.php(1171): CodeIgniter\View\View->render('barber/booking/index', [], true)
 6 APPPATH\Controllers\Barber\BookingController.php(16): view('barber/booking/index')
 7 SYSTEMPATH\CodeIgniter.php(933): App\Controllers\Barber\BookingController->index()
 8 SYSTEMPATH\CodeIgniter.php(509): CodeIgniter\CodeIgniter->runController(Object(App\Controllers\Barber\BookingController))
 9 SYSTEMPATH\CodeIgniter.php(355): CodeIgniter\CodeIgniter->handleRequest(null, Object(Config\Cache), false)
10 SYSTEMPATH\Boot.php(312): CodeIgniter\CodeIgniter->run()
11 SYSTEMPATH\Boot.php(67): CodeIgniter\Boot::runCodeIgniter(Object(CodeIgniter\CodeIgniter))
12 FCPATH\index.php(56): CodeIgniter\Boot::bootWeb(Object(Config\Paths))
13 SYSTEMPATH\Commands\Server\rewrite.php(49): require_once('C:\\xampp\\htdocs\\Barber\\public\\index.php')
CRITICAL - 2024-05-26 15:39:22 --> ErrorException: Undefined variable $title
[Method: GET, Route: daftar-booking]
in APPPATH\Views\barber\layout\template.php on line 9.
 1 APPPATH\Views\barber\layout\template.php(9): CodeIgniter\Debug\Exceptions->errorHandler(2, 'Undefined variable $title', 'C:\\xampp\\htdocs\\Barber\\app\\Views\\barber\\layout\\template.php', 9)
 2 SYSTEMPATH\View\View.php(234): include('C:\\xampp\\htdocs\\Barber\\app\\Views\\barber\\layout\\template.php')
 3 SYSTEMPATH\View\View.php(237): CodeIgniter\View\View->CodeIgniter\View\{closure}()
 4 SYSTEMPATH\View\View.php(250): CodeIgniter\View\View->render('barber/layout/template', [], true)
 5 SYSTEMPATH\Common.php(1171): CodeIgniter\View\View->render('barber/booking/index', [], true)
 6 APPPATH\Controllers\Barber\BookingController.php(16): view('barber/booking/index')
 7 SYSTEMPATH\CodeIgniter.php(933): App\Controllers\Barber\BookingController->index()
 8 SYSTEMPATH\CodeIgniter.php(509): CodeIgniter\CodeIgniter->runController(Object(App\Controllers\Barber\BookingController))
 9 SYSTEMPATH\CodeIgniter.php(355): CodeIgniter\CodeIgniter->handleRequest(null, Object(Config\Cache), false)
10 SYSTEMPATH\Boot.php(312): CodeIgniter\CodeIgniter->run()
11 SYSTEMPATH\Boot.php(67): CodeIgniter\Boot::runCodeIgniter(Object(CodeIgniter\CodeIgniter))
12 FCPATH\index.php(56): CodeIgniter\Boot::bootWeb(Object(Config\Paths))
13 SYSTEMPATH\Commands\Server\rewrite.php(49): require_once('C:\\xampp\\htdocs\\Barber\\public\\index.php')
CRITICAL - 2024-05-26 15:39:27 --> ErrorException: Undefined variable $title
[Method: GET, Route: daftar-booking]
in APPPATH\Views\barber\layout\template.php on line 9.
 1 APPPATH\Views\barber\layout\template.php(9): CodeIgniter\Debug\Exceptions->errorHandler(2, 'Undefined variable $title', 'C:\\xampp\\htdocs\\Barber\\app\\Views\\barber\\layout\\template.php', 9)
 2 SYSTEMPATH\View\View.php(234): include('C:\\xampp\\htdocs\\Barber\\app\\Views\\barber\\layout\\template.php')
 3 SYSTEMPATH\View\View.php(237): CodeIgniter\View\View->CodeIgniter\View\{closure}()
 4 SYSTEMPATH\View\View.php(250): CodeIgniter\View\View->render('barber/layout/template', [], true)
 5 SYSTEMPATH\Common.php(1171): CodeIgniter\View\View->render('barber/booking/index', [], true)
 6 APPPATH\Controllers\Barber\BookingController.php(16): view('barber/booking/index')
 7 SYSTEMPATH\CodeIgniter.php(933): App\Controllers\Barber\BookingController->index()
 8 SYSTEMPATH\CodeIgniter.php(509): CodeIgniter\CodeIgniter->runController(Object(App\Controllers\Barber\BookingController))
 9 SYSTEMPATH\CodeIgniter.php(355): CodeIgniter\CodeIgniter->handleRequest(null, Object(Config\Cache), false)
10 SYSTEMPATH\Boot.php(312): CodeIgniter\CodeIgniter->run()
11 SYSTEMPATH\Boot.php(67): CodeIgniter\Boot::runCodeIgniter(Object(CodeIgniter\CodeIgniter))
12 FCPATH\index.php(56): CodeIgniter\Boot::bootWeb(Object(Config\Paths))
13 SYSTEMPATH\Commands\Server\rewrite.php(49): require_once('C:\\xampp\\htdocs\\Barber\\public\\index.php')
CRITICAL - 2024-05-26 15:39:36 --> ErrorException: Undefined variable $title
[Method: GET, Route: daftar-booking]
in APPPATH\Views\barber\layout\template.php on line 9.
 1 APPPATH\Views\barber\layout\template.php(9): CodeIgniter\Debug\Exceptions->errorHandler(2, 'Undefined variable $title', 'C:\\xampp\\htdocs\\Barber\\app\\Views\\barber\\layout\\template.php', 9)
 2 SYSTEMPATH\View\View.php(234): include('C:\\xampp\\htdocs\\Barber\\app\\Views\\barber\\layout\\template.php')
 3 SYSTEMPATH\View\View.php(237): CodeIgniter\View\View->CodeIgniter\View\{closure}()
 4 SYSTEMPATH\View\View.php(250): CodeIgniter\View\View->render('barber/layout/template', [], true)
 5 SYSTEMPATH\Common.php(1171): CodeIgniter\View\View->render('barber/booking/index', [], true)
 6 APPPATH\Controllers\Barber\BookingController.php(16): view('barber/booking/index')
 7 SYSTEMPATH\CodeIgniter.php(933): App\Controllers\Barber\BookingController->index()
 8 SYSTEMPATH\CodeIgniter.php(509): CodeIgniter\CodeIgniter->runController(Object(App\Controllers\Barber\BookingController))
 9 SYSTEMPATH\CodeIgniter.php(355): CodeIgniter\CodeIgniter->handleRequest(null, Object(Config\Cache), false)
10 SYSTEMPATH\Boot.php(312): CodeIgniter\CodeIgniter->run()
11 SYSTEMPATH\Boot.php(67): CodeIgniter\Boot::runCodeIgniter(Object(CodeIgniter\CodeIgniter))
12 FCPATH\index.php(56): CodeIgniter\Boot::bootWeb(Object(Config\Paths))
13 SYSTEMPATH\Commands\Server\rewrite.php(49): require_once('C:\\xampp\\htdocs\\Barber\\public\\index.php')
CRITICAL - 2024-05-26 15:40:11 --> ErrorException: Undefined variable $title
[Method: GET, Route: daftar-booking]
in APPPATH\Views\barber\layout\template.php on line 9.
 1 APPPATH\Views\barber\layout\template.php(9): CodeIgniter\Debug\Exceptions->errorHandler(2, 'Undefined variable $title', 'C:\\xampp\\htdocs\\Barber\\app\\Views\\barber\\layout\\template.php', 9)
 2 SYSTEMPATH\View\View.php(234): include('C:\\xampp\\htdocs\\Barber\\app\\Views\\barber\\layout\\template.php')
 3 SYSTEMPATH\View\View.php(237): CodeIgniter\View\View->CodeIgniter\View\{closure}()
 4 SYSTEMPATH\View\View.php(250): CodeIgniter\View\View->render('barber/layout/template', [], true)
 5 SYSTEMPATH\Common.php(1171): CodeIgniter\View\View->render('Barber/booking/index', [], true)
 6 APPPATH\Controllers\Barber\BookingController.php(16): view('Barber/booking/index')
 7 SYSTEMPATH\CodeIgniter.php(933): App\Controllers\Barber\BookingController->index()
 8 SYSTEMPATH\CodeIgniter.php(509): CodeIgniter\CodeIgniter->runController(Object(App\Controllers\Barber\BookingController))
 9 SYSTEMPATH\CodeIgniter.php(355): CodeIgniter\CodeIgniter->handleRequest(null, Object(Config\Cache), false)
10 SYSTEMPATH\Boot.php(312): CodeIgniter\CodeIgniter->run()
11 SYSTEMPATH\Boot.php(67): CodeIgniter\Boot::runCodeIgniter(Object(CodeIgniter\CodeIgniter))
12 FCPATH\index.php(56): CodeIgniter\Boot::bootWeb(Object(Config\Paths))
13 SYSTEMPATH\Commands\Server\rewrite.php(49): require_once('C:\\xampp\\htdocs\\Barber\\public\\index.php')
CRITICAL - 2024-05-26 15:40:12 --> ErrorException: Undefined variable $title
[Method: GET, Route: daftar-booking]
in APPPATH\Views\barber\layout\template.php on line 9.
 1 APPPATH\Views\barber\layout\template.php(9): CodeIgniter\Debug\Exceptions->errorHandler(2, 'Undefined variable $title', 'C:\\xampp\\htdocs\\Barber\\app\\Views\\barber\\layout\\template.php', 9)
 2 SYSTEMPATH\View\View.php(234): include('C:\\xampp\\htdocs\\Barber\\app\\Views\\barber\\layout\\template.php')
 3 SYSTEMPATH\View\View.php(237): CodeIgniter\View\View->CodeIgniter\View\{closure}()
 4 SYSTEMPATH\View\View.php(250): CodeIgniter\View\View->render('barber/layout/template', [], true)
 5 SYSTEMPATH\Common.php(1171): CodeIgniter\View\View->render('Barber/booking/index', [], true)
 6 APPPATH\Controllers\Barber\BookingController.php(16): view('Barber/booking/index')
 7 SYSTEMPATH\CodeIgniter.php(933): App\Controllers\Barber\BookingController->index()
 8 SYSTEMPATH\CodeIgniter.php(509): CodeIgniter\CodeIgniter->runController(Object(App\Controllers\Barber\BookingController))
 9 SYSTEMPATH\CodeIgniter.php(355): CodeIgniter\CodeIgniter->handleRequest(null, Object(Config\Cache), false)
10 SYSTEMPATH\Boot.php(312): CodeIgniter\CodeIgniter->run()
11 SYSTEMPATH\Boot.php(67): CodeIgniter\Boot::runCodeIgniter(Object(CodeIgniter\CodeIgniter))
12 FCPATH\index.php(56): CodeIgniter\Boot::bootWeb(Object(Config\Paths))
13 SYSTEMPATH\Commands\Server\rewrite.php(49): require_once('C:\\xampp\\htdocs\\Barber\\public\\index.php')
CRITICAL - 2024-05-26 15:40:52 --> ErrorException: Undefined variable $title
[Method: GET, Route: daftar-booking]
in APPPATH\Views\barber\layout\template.php on line 9.
 1 APPPATH\Views\barber\layout\template.php(9): CodeIgniter\Debug\Exceptions->errorHandler(2, 'Undefined variable $title', 'C:\\xampp\\htdocs\\Barber\\app\\Views\\barber\\layout\\template.php', 9)
 2 SYSTEMPATH\View\View.php(234): include('C:\\xampp\\htdocs\\Barber\\app\\Views\\barber\\layout\\template.php')
 3 SYSTEMPATH\View\View.php(237): CodeIgniter\View\View->CodeIgniter\View\{closure}()
 4 SYSTEMPATH\View\View.php(250): CodeIgniter\View\View->render('barber/layout/template', [], true)
 5 SYSTEMPATH\Common.php(1171): CodeIgniter\View\View->render('Barber/booking/index', [], true)
 6 APPPATH\Controllers\Barber\BookingController.php(16): view('Barber/booking/index')
 7 SYSTEMPATH\CodeIgniter.php(933): App\Controllers\Barber\BookingController->index()
 8 SYSTEMPATH\CodeIgniter.php(509): CodeIgniter\CodeIgniter->runController(Object(App\Controllers\Barber\BookingController))
 9 SYSTEMPATH\CodeIgniter.php(355): CodeIgniter\CodeIgniter->handleRequest(null, Object(Config\Cache), false)
10 SYSTEMPATH\Boot.php(312): CodeIgniter\CodeIgniter->run()
11 SYSTEMPATH\Boot.php(67): CodeIgniter\Boot::runCodeIgniter(Object(CodeIgniter\CodeIgniter))
12 FCPATH\index.php(56): CodeIgniter\Boot::bootWeb(Object(Config\Paths))
13 SYSTEMPATH\Commands\Server\rewrite.php(49): require_once('C:\\xampp\\htdocs\\Barber\\public\\index.php')
CRITICAL - 2024-05-26 15:41:11 --> ErrorException: Undefined variable $title
[Method: GET, Route: daftar-booking]
in APPPATH\Views\barber\layout\template.php on line 9.
 1 APPPATH\Views\barber\layout\template.php(9): CodeIgniter\Debug\Exceptions->errorHandler(2, 'Undefined variable $title', 'C:\\xampp\\htdocs\\Barber\\app\\Views\\barber\\layout\\template.php', 9)
 2 SYSTEMPATH\View\View.php(234): include('C:\\xampp\\htdocs\\Barber\\app\\Views\\barber\\layout\\template.php')
 3 SYSTEMPATH\View\View.php(237): CodeIgniter\View\View->CodeIgniter\View\{closure}()
 4 SYSTEMPATH\View\View.php(250): CodeIgniter\View\View->render('barber/layout/template', [], true)
 5 SYSTEMPATH\Common.php(1171): CodeIgniter\View\View->render('Barber/booking/index', [], true)
 6 APPPATH\Controllers\Barber\BookingController.php(16): view('Barber/booking/index')
 7 SYSTEMPATH\CodeIgniter.php(933): App\Controllers\Barber\BookingController->index()
 8 SYSTEMPATH\CodeIgniter.php(509): CodeIgniter\CodeIgniter->runController(Object(App\Controllers\Barber\BookingController))
 9 SYSTEMPATH\CodeIgniter.php(355): CodeIgniter\CodeIgniter->handleRequest(null, Object(Config\Cache), false)
10 SYSTEMPATH\Boot.php(312): CodeIgniter\CodeIgniter->run()
11 SYSTEMPATH\Boot.php(67): CodeIgniter\Boot::runCodeIgniter(Object(CodeIgniter\CodeIgniter))
12 FCPATH\index.php(56): CodeIgniter\Boot::bootWeb(Object(Config\Paths))
13 SYSTEMPATH\Commands\Server\rewrite.php(49): require_once('C:\\xampp\\htdocs\\Barber\\public\\index.php')
CRITICAL - 2024-05-26 15:44:29 --> ErrorException: Undefined variable $title
[Method: GET, Route: daftar-booking]
in APPPATH\Views\barber\layout\template.php on line 9.
 1 APPPATH\Views\barber\layout\template.php(9): CodeIgniter\Debug\Exceptions->errorHandler(2, 'Undefined variable $title', 'C:\\xampp\\htdocs\\Barber\\app\\Views\\barber\\layout\\template.php', 9)
 2 SYSTEMPATH\View\View.php(234): include('C:\\xampp\\htdocs\\Barber\\app\\Views\\barber\\layout\\template.php')
 3 SYSTEMPATH\View\View.php(237): CodeIgniter\View\View->CodeIgniter\View\{closure}()
 4 SYSTEMPATH\View\View.php(250): CodeIgniter\View\View->render('barber/layout/template', [], true)
 5 SYSTEMPATH\Common.php(1171): CodeIgniter\View\View->render('Barber/booking/index', [], true)
 6 APPPATH\Controllers\Barber\BookingController.php(16): view('Barber/booking/index')
 7 SYSTEMPATH\CodeIgniter.php(933): App\Controllers\Barber\BookingController->index()
 8 SYSTEMPATH\CodeIgniter.php(509): CodeIgniter\CodeIgniter->runController(Object(App\Controllers\Barber\BookingController))
 9 SYSTEMPATH\CodeIgniter.php(355): CodeIgniter\CodeIgniter->handleRequest(null, Object(Config\Cache), false)
10 SYSTEMPATH\Boot.php(312): CodeIgniter\CodeIgniter->run()
11 SYSTEMPATH\Boot.php(67): CodeIgniter\Boot::runCodeIgniter(Object(CodeIgniter\CodeIgniter))
12 FCPATH\index.php(56): CodeIgniter\Boot::bootWeb(Object(Config\Paths))
13 SYSTEMPATH\Commands\Server\rewrite.php(49): require_once('C:\\xampp\\htdocs\\Barber\\public\\index.php')
CRITICAL - 2024-05-26 15:44:30 --> ErrorException: Undefined variable $title
[Method: GET, Route: daftar-booking]
in APPPATH\Views\barber\layout\template.php on line 9.
 1 APPPATH\Views\barber\layout\template.php(9): CodeIgniter\Debug\Exceptions->errorHandler(2, 'Undefined variable $title', 'C:\\xampp\\htdocs\\Barber\\app\\Views\\barber\\layout\\template.php', 9)
 2 SYSTEMPATH\View\View.php(234): include('C:\\xampp\\htdocs\\Barber\\app\\Views\\barber\\layout\\template.php')
 3 SYSTEMPATH\View\View.php(237): CodeIgniter\View\View->CodeIgniter\View\{closure}()
 4 SYSTEMPATH\View\View.php(250): CodeIgniter\View\View->render('barber/layout/template', [], true)
 5 SYSTEMPATH\Common.php(1171): CodeIgniter\View\View->render('Barber/booking/index', [], true)
 6 APPPATH\Controllers\Barber\BookingController.php(16): view('Barber/booking/index')
 7 SYSTEMPATH\CodeIgniter.php(933): App\Controllers\Barber\BookingController->index()
 8 SYSTEMPATH\CodeIgniter.php(509): CodeIgniter\CodeIgniter->runController(Object(App\Controllers\Barber\BookingController))
 9 SYSTEMPATH\CodeIgniter.php(355): CodeIgniter\CodeIgniter->handleRequest(null, Object(Config\Cache), false)
10 SYSTEMPATH\Boot.php(312): CodeIgniter\CodeIgniter->run()
11 SYSTEMPATH\Boot.php(67): CodeIgniter\Boot::runCodeIgniter(Object(CodeIgniter\CodeIgniter))
12 FCPATH\index.php(56): CodeIgniter\Boot::bootWeb(Object(Config\Paths))
13 SYSTEMPATH\Commands\Server\rewrite.php(49): require_once('C:\\xampp\\htdocs\\Barber\\public\\index.php')
CRITICAL - 2024-05-26 15:44:31 --> ErrorException: Undefined variable $title
[Method: GET, Route: daftar-booking]
in APPPATH\Views\barber\layout\template.php on line 9.
 1 APPPATH\Views\barber\layout\template.php(9): CodeIgniter\Debug\Exceptions->errorHandler(2, 'Undefined variable $title', 'C:\\xampp\\htdocs\\Barber\\app\\Views\\barber\\layout\\template.php', 9)
 2 SYSTEMPATH\View\View.php(234): include('C:\\xampp\\htdocs\\Barber\\app\\Views\\barber\\layout\\template.php')
 3 SYSTEMPATH\View\View.php(237): CodeIgniter\View\View->CodeIgniter\View\{closure}()
 4 SYSTEMPATH\View\View.php(250): CodeIgniter\View\View->render('barber/layout/template', [], true)
 5 SYSTEMPATH\Common.php(1171): CodeIgniter\View\View->render('Barber/booking/index', [], true)
 6 APPPATH\Controllers\Barber\BookingController.php(16): view('Barber/booking/index')
 7 SYSTEMPATH\CodeIgniter.php(933): App\Controllers\Barber\BookingController->index()
 8 SYSTEMPATH\CodeIgniter.php(509): CodeIgniter\CodeIgniter->runController(Object(App\Controllers\Barber\BookingController))
 9 SYSTEMPATH\CodeIgniter.php(355): CodeIgniter\CodeIgniter->handleRequest(null, Object(Config\Cache), false)
10 SYSTEMPATH\Boot.php(312): CodeIgniter\CodeIgniter->run()
11 SYSTEMPATH\Boot.php(67): CodeIgniter\Boot::runCodeIgniter(Object(CodeIgniter\CodeIgniter))
12 FCPATH\index.php(56): CodeIgniter\Boot::bootWeb(Object(Config\Paths))
13 SYSTEMPATH\Commands\Server\rewrite.php(49): require_once('C:\\xampp\\htdocs\\Barber\\public\\index.php')
CRITICAL - 2024-05-26 15:44:32 --> ErrorException: Undefined variable $title
[Method: GET, Route: daftar-booking]
in APPPATH\Views\barber\layout\template.php on line 9.
 1 APPPATH\Views\barber\layout\template.php(9): CodeIgniter\Debug\Exceptions->errorHandler(2, 'Undefined variable $title', 'C:\\xampp\\htdocs\\Barber\\app\\Views\\barber\\layout\\template.php', 9)
 2 SYSTEMPATH\View\View.php(234): include('C:\\xampp\\htdocs\\Barber\\app\\Views\\barber\\layout\\template.php')
 3 SYSTEMPATH\View\View.php(237): CodeIgniter\View\View->CodeIgniter\View\{closure}()
 4 SYSTEMPATH\View\View.php(250): CodeIgniter\View\View->render('barber/layout/template', [], true)
 5 SYSTEMPATH\Common.php(1171): CodeIgniter\View\View->render('Barber/booking/index', [], true)
 6 APPPATH\Controllers\Barber\BookingController.php(16): view('Barber/booking/index')
 7 SYSTEMPATH\CodeIgniter.php(933): App\Controllers\Barber\BookingController->index()
 8 SYSTEMPATH\CodeIgniter.php(509): CodeIgniter\CodeIgniter->runController(Object(App\Controllers\Barber\BookingController))
 9 SYSTEMPATH\CodeIgniter.php(355): CodeIgniter\CodeIgniter->handleRequest(null, Object(Config\Cache), false)
10 SYSTEMPATH\Boot.php(312): CodeIgniter\CodeIgniter->run()
11 SYSTEMPATH\Boot.php(67): CodeIgniter\Boot::runCodeIgniter(Object(CodeIgniter\CodeIgniter))
12 FCPATH\index.php(56): CodeIgniter\Boot::bootWeb(Object(Config\Paths))
13 SYSTEMPATH\Commands\Server\rewrite.php(49): require_once('C:\\xampp\\htdocs\\Barber\\public\\index.php')
CRITICAL - 2024-05-26 15:44:32 --> ErrorException: Undefined variable $title
[Method: GET, Route: daftar-booking]
in APPPATH\Views\barber\layout\template.php on line 9.
 1 APPPATH\Views\barber\layout\template.php(9): CodeIgniter\Debug\Exceptions->errorHandler(2, 'Undefined variable $title', 'C:\\xampp\\htdocs\\Barber\\app\\Views\\barber\\layout\\template.php', 9)
 2 SYSTEMPATH\View\View.php(234): include('C:\\xampp\\htdocs\\Barber\\app\\Views\\barber\\layout\\template.php')
 3 SYSTEMPATH\View\View.php(237): CodeIgniter\View\View->CodeIgniter\View\{closure}()
 4 SYSTEMPATH\View\View.php(250): CodeIgniter\View\View->render('barber/layout/template', [], true)
 5 SYSTEMPATH\Common.php(1171): CodeIgniter\View\View->render('Barber/booking/index', [], true)
 6 APPPATH\Controllers\Barber\BookingController.php(16): view('Barber/booking/index')
 7 SYSTEMPATH\CodeIgniter.php(933): App\Controllers\Barber\BookingController->index()
 8 SYSTEMPATH\CodeIgniter.php(509): CodeIgniter\CodeIgniter->runController(Object(App\Controllers\Barber\BookingController))
 9 SYSTEMPATH\CodeIgniter.php(355): CodeIgniter\CodeIgniter->handleRequest(null, Object(Config\Cache), false)
10 SYSTEMPATH\Boot.php(312): CodeIgniter\CodeIgniter->run()
11 SYSTEMPATH\Boot.php(67): CodeIgniter\Boot::runCodeIgniter(Object(CodeIgniter\CodeIgniter))
12 FCPATH\index.php(56): CodeIgniter\Boot::bootWeb(Object(Config\Paths))
13 SYSTEMPATH\Commands\Server\rewrite.php(49): require_once('C:\\xampp\\htdocs\\Barber\\public\\index.php')
CRITICAL - 2024-05-26 15:44:32 --> ErrorException: Undefined variable $title
[Method: GET, Route: daftar-booking]
in APPPATH\Views\barber\layout\template.php on line 9.
 1 APPPATH\Views\barber\layout\template.php(9): CodeIgniter\Debug\Exceptions->errorHandler(2, 'Undefined variable $title', 'C:\\xampp\\htdocs\\Barber\\app\\Views\\barber\\layout\\template.php', 9)
 2 SYSTEMPATH\View\View.php(234): include('C:\\xampp\\htdocs\\Barber\\app\\Views\\barber\\layout\\template.php')
 3 SYSTEMPATH\View\View.php(237): CodeIgniter\View\View->CodeIgniter\View\{closure}()
 4 SYSTEMPATH\View\View.php(250): CodeIgniter\View\View->render('barber/layout/template', [], true)
 5 SYSTEMPATH\Common.php(1171): CodeIgniter\View\View->render('Barber/booking/index', [], true)
 6 APPPATH\Controllers\Barber\BookingController.php(16): view('Barber/booking/index')
 7 SYSTEMPATH\CodeIgniter.php(933): App\Controllers\Barber\BookingController->index()
 8 SYSTEMPATH\CodeIgniter.php(509): CodeIgniter\CodeIgniter->runController(Object(App\Controllers\Barber\BookingController))
 9 SYSTEMPATH\CodeIgniter.php(355): CodeIgniter\CodeIgniter->handleRequest(null, Object(Config\Cache), false)
10 SYSTEMPATH\Boot.php(312): CodeIgniter\CodeIgniter->run()
11 SYSTEMPATH\Boot.php(67): CodeIgniter\Boot::runCodeIgniter(Object(CodeIgniter\CodeIgniter))
12 FCPATH\index.php(56): CodeIgniter\Boot::bootWeb(Object(Config\Paths))
13 SYSTEMPATH\Commands\Server\rewrite.php(49): require_once('C:\\xampp\\htdocs\\Barber\\public\\index.php')
CRITICAL - 2024-05-26 15:44:32 --> ErrorException: Undefined variable $title
[Method: GET, Route: daftar-booking]
in APPPATH\Views\barber\layout\template.php on line 9.
 1 APPPATH\Views\barber\layout\template.php(9): CodeIgniter\Debug\Exceptions->errorHandler(2, 'Undefined variable $title', 'C:\\xampp\\htdocs\\Barber\\app\\Views\\barber\\layout\\template.php', 9)
 2 SYSTEMPATH\View\View.php(234): include('C:\\xampp\\htdocs\\Barber\\app\\Views\\barber\\layout\\template.php')
 3 SYSTEMPATH\View\View.php(237): CodeIgniter\View\View->CodeIgniter\View\{closure}()
 4 SYSTEMPATH\View\View.php(250): CodeIgniter\View\View->render('barber/layout/template', [], true)
 5 SYSTEMPATH\Common.php(1171): CodeIgniter\View\View->render('Barber/booking/index', [], true)
 6 APPPATH\Controllers\Barber\BookingController.php(16): view('Barber/booking/index')
 7 SYSTEMPATH\CodeIgniter.php(933): App\Controllers\Barber\BookingController->index()
 8 SYSTEMPATH\CodeIgniter.php(509): CodeIgniter\CodeIgniter->runController(Object(App\Controllers\Barber\BookingController))
 9 SYSTEMPATH\CodeIgniter.php(355): CodeIgniter\CodeIgniter->handleRequest(null, Object(Config\Cache), false)
10 SYSTEMPATH\Boot.php(312): CodeIgniter\CodeIgniter->run()
11 SYSTEMPATH\Boot.php(67): CodeIgniter\Boot::runCodeIgniter(Object(CodeIgniter\CodeIgniter))
12 FCPATH\index.php(56): CodeIgniter\Boot::bootWeb(Object(Config\Paths))
13 SYSTEMPATH\Commands\Server\rewrite.php(49): require_once('C:\\xampp\\htdocs\\Barber\\public\\index.php')
CRITICAL - 2024-05-26 15:44:33 --> ErrorException: Undefined variable $title
[Method: GET, Route: daftar-booking]
in APPPATH\Views\barber\layout\template.php on line 9.
 1 APPPATH\Views\barber\layout\template.php(9): CodeIgniter\Debug\Exceptions->errorHandler(2, 'Undefined variable $title', 'C:\\xampp\\htdocs\\Barber\\app\\Views\\barber\\layout\\template.php', 9)
 2 SYSTEMPATH\View\View.php(234): include('C:\\xampp\\htdocs\\Barber\\app\\Views\\barber\\layout\\template.php')
 3 SYSTEMPATH\View\View.php(237): CodeIgniter\View\View->CodeIgniter\View\{closure}()
 4 SYSTEMPATH\View\View.php(250): CodeIgniter\View\View->render('barber/layout/template', [], true)
 5 SYSTEMPATH\Common.php(1171): CodeIgniter\View\View->render('Barber/booking/index', [], true)
 6 APPPATH\Controllers\Barber\BookingController.php(16): view('Barber/booking/index')
 7 SYSTEMPATH\CodeIgniter.php(933): App\Controllers\Barber\BookingController->index()
 8 SYSTEMPATH\CodeIgniter.php(509): CodeIgniter\CodeIgniter->runController(Object(App\Controllers\Barber\BookingController))
 9 SYSTEMPATH\CodeIgniter.php(355): CodeIgniter\CodeIgniter->handleRequest(null, Object(Config\Cache), false)
10 SYSTEMPATH\Boot.php(312): CodeIgniter\CodeIgniter->run()
11 SYSTEMPATH\Boot.php(67): CodeIgniter\Boot::runCodeIgniter(Object(CodeIgniter\CodeIgniter))
12 FCPATH\index.php(56): CodeIgniter\Boot::bootWeb(Object(Config\Paths))
13 SYSTEMPATH\Commands\Server\rewrite.php(49): require_once('C:\\xampp\\htdocs\\Barber\\public\\index.php')
