INFO - 2024-06-22 02:02:58 --> Session: Class initialized using 'CodeIgniter\Session\Handlers\FileHandler' driver.
INFO - 2024-06-22 02:06:36 --> Session: Class initialized using 'CodeIgniter\Session\Handlers\FileHandler' driver.
INFO - 2024-06-22 02:08:17 --> Session: Class initialized using 'CodeIgniter\Session\Handlers\FileHandler' driver.
INFO - 2024-06-22 02:10:00 --> Session: Class initialized using 'CodeIgniter\Session\Handlers\FileHandler' driver.
INFO - 2024-06-22 02:10:03 --> Session: Class initialized using 'CodeIgniter\Session\Handlers\FileHandler' driver.
INFO - 2024-06-22 02:18:20 --> Session: Class initialized using 'CodeIgniter\Session\Handlers\FileHandler' driver.
INFO - 2024-06-22 02:18:25 --> Session: Class initialized using 'CodeIgniter\Session\Handlers\FileHandler' driver.
INFO - 2024-06-22 02:18:45 --> Session: Class initialized using 'CodeIgniter\Session\Handlers\FileHandler' driver.
INFO - 2024-06-22 02:20:35 --> Session: Class initialized using 'CodeIgniter\Session\Handlers\FileHandler' driver.
INFO - 2024-06-22 02:22:20 --> Session: Class initialized using 'CodeIgniter\Session\Handlers\FileHandler' driver.
CRITICAL - 2024-06-22 02:22:22 --> Error: Class "App\Models\PesananModel" not found
[Method: POST, Route: Pelanggan/simpanPesanan]
in APPPATH\Controllers\Pelanggan.php on line 12.
 1 SYSTEMPATH\CodeIgniter.php(933): App\Controllers\Pelanggan->simpanPesanan()
 2 SYSTEMPATH\CodeIgniter.php(509): CodeIgniter\CodeIgniter->runController(Object(App\Controllers\Pelanggan))
 3 SYSTEMPATH\CodeIgniter.php(355): CodeIgniter\CodeIgniter->handleRequest(null, Object(Config\Cache), false)
 4 SYSTEMPATH\Boot.php(312): CodeIgniter\CodeIgniter->run()
 5 SYSTEMPATH\Boot.php(67): CodeIgniter\Boot::runCodeIgniter(Object(CodeIgniter\CodeIgniter))
 6 FCPATH\index.php(56): CodeIgniter\Boot::bootWeb(Object(Config\Paths))
 7 SYSTEMPATH\Commands\Server\rewrite.php(49): require_once('C:\\xampp\\htdocs\\pelanggan\\public\\index.php')
CRITICAL - 2024-06-22 02:25:53 --> Error: Class "App\Models\PesananModel" not found
[Method: POST, Route: Pelanggan/simpanPesanan]
in APPPATH\Controllers\Pelanggan.php on line 12.
 1 SYSTEMPATH\CodeIgniter.php(933): App\Controllers\Pelanggan->simpanPesanan()
 2 SYSTEMPATH\CodeIgniter.php(509): CodeIgniter\CodeIgniter->runController(Object(App\Controllers\Pelanggan))
 3 SYSTEMPATH\CodeIgniter.php(355): CodeIgniter\CodeIgniter->handleRequest(null, Object(Config\Cache), false)
 4 SYSTEMPATH\Boot.php(312): CodeIgniter\CodeIgniter->run()
 5 SYSTEMPATH\Boot.php(67): CodeIgniter\Boot::runCodeIgniter(Object(CodeIgniter\CodeIgniter))
 6 FCPATH\index.php(56): CodeIgniter\Boot::bootWeb(Object(Config\Paths))
 7 SYSTEMPATH\Commands\Server\rewrite.php(49): require_once('C:\\xampp\\htdocs\\pelanggan\\public\\index.php')
CRITICAL - 2024-06-22 02:29:28 --> Error: Class "App\Models\PesananModel" not found
[Method: POST, Route: Pelanggan/simpanPesanan]
in APPPATH\Controllers\Pelanggan.php on line 11.
 1 SYSTEMPATH\CodeIgniter.php(933): App\Controllers\Pelanggan->simpanPesanan()
 2 SYSTEMPATH\CodeIgniter.php(509): CodeIgniter\CodeIgniter->runController(Object(App\Controllers\Pelanggan))
 3 SYSTEMPATH\CodeIgniter.php(355): CodeIgniter\CodeIgniter->handleRequest(null, Object(Config\Cache), false)
 4 SYSTEMPATH\Boot.php(312): CodeIgniter\CodeIgniter->run()
 5 SYSTEMPATH\Boot.php(67): CodeIgniter\Boot::runCodeIgniter(Object(CodeIgniter\CodeIgniter))
 6 FCPATH\index.php(56): CodeIgniter\Boot::bootWeb(Object(Config\Paths))
 7 SYSTEMPATH\Commands\Server\rewrite.php(49): require_once('C:\\xampp\\htdocs\\pelanggan\\public\\index.php')
CRITICAL - 2024-06-22 02:30:46 --> Error: Class "App\Models\PesananModel" not found
[Method: POST, Route: Pelanggan/simpanPesanan]
in APPPATH\Controllers\Pelanggan.php on line 11.
 1 SYSTEMPATH\CodeIgniter.php(933): App\Controllers\Pelanggan->simpanPesanan()
 2 SYSTEMPATH\CodeIgniter.php(509): CodeIgniter\CodeIgniter->runController(Object(App\Controllers\Pelanggan))
 3 SYSTEMPATH\CodeIgniter.php(355): CodeIgniter\CodeIgniter->handleRequest(null, Object(Config\Cache), false)
 4 SYSTEMPATH\Boot.php(312): CodeIgniter\CodeIgniter->run()
 5 SYSTEMPATH\Boot.php(67): CodeIgniter\Boot::runCodeIgniter(Object(CodeIgniter\CodeIgniter))
 6 FCPATH\index.php(56): CodeIgniter\Boot::bootWeb(Object(Config\Paths))
 7 SYSTEMPATH\Commands\Server\rewrite.php(49): require_once('C:\\xampp\\htdocs\\pelanggan\\public\\index.php')
CRITICAL - 2024-06-22 02:31:18 --> Error: Class "App\Models\Pelanggan\M_Pesanan" not found
[Method: GET, Route: Pesanan]
in APPPATH\Controllers\Pesanan.php on line 11.
 1 SYSTEMPATH\CodeIgniter.php(933): App\Controllers\Pesanan->index()
 2 SYSTEMPATH\CodeIgniter.php(509): CodeIgniter\CodeIgniter->runController(Object(App\Controllers\Pesanan))
 3 SYSTEMPATH\CodeIgniter.php(355): CodeIgniter\CodeIgniter->handleRequest(null, Object(Config\Cache), false)
 4 SYSTEMPATH\Boot.php(312): CodeIgniter\CodeIgniter->run()
 5 SYSTEMPATH\Boot.php(67): CodeIgniter\Boot::runCodeIgniter(Object(CodeIgniter\CodeIgniter))
 6 FCPATH\index.php(56): CodeIgniter\Boot::bootWeb(Object(Config\Paths))
 7 SYSTEMPATH\Commands\Server\rewrite.php(49): require_once('C:\\xampp\\htdocs\\pelanggan\\public\\index.php')
CRITICAL - 2024-06-22 02:31:42 --> Error: Class "App\Models\Pelanggan\M_Pesanan" not found
[Method: GET, Route: Pesanan]
in APPPATH\Controllers\Pesanan.php on line 11.
 1 SYSTEMPATH\CodeIgniter.php(933): App\Controllers\Pesanan->index()
 2 SYSTEMPATH\CodeIgniter.php(509): CodeIgniter\CodeIgniter->runController(Object(App\Controllers\Pesanan))
 3 SYSTEMPATH\CodeIgniter.php(355): CodeIgniter\CodeIgniter->handleRequest(null, Object(Config\Cache), false)
 4 SYSTEMPATH\Boot.php(312): CodeIgniter\CodeIgniter->run()
 5 SYSTEMPATH\Boot.php(67): CodeIgniter\Boot::runCodeIgniter(Object(CodeIgniter\CodeIgniter))
 6 FCPATH\index.php(56): CodeIgniter\Boot::bootWeb(Object(Config\Paths))
 7 SYSTEMPATH\Commands\Server\rewrite.php(49): require_once('C:\\xampp\\htdocs\\pelanggan\\public\\index.php')
CRITICAL - 2024-06-22 02:32:35 --> Error: Class "App\Models\Pelanggan\M_Pesanan" not found
[Method: GET, Route: Pesanan]
in APPPATH\Controllers\Pesanan.php on line 11.
 1 SYSTEMPATH\CodeIgniter.php(933): App\Controllers\Pesanan->index()
 2 SYSTEMPATH\CodeIgniter.php(509): CodeIgniter\CodeIgniter->runController(Object(App\Controllers\Pesanan))
 3 SYSTEMPATH\CodeIgniter.php(355): CodeIgniter\CodeIgniter->handleRequest(null, Object(Config\Cache), false)
 4 SYSTEMPATH\Boot.php(312): CodeIgniter\CodeIgniter->run()
 5 SYSTEMPATH\Boot.php(67): CodeIgniter\Boot::runCodeIgniter(Object(CodeIgniter\CodeIgniter))
 6 FCPATH\index.php(56): CodeIgniter\Boot::bootWeb(Object(Config\Paths))
 7 SYSTEMPATH\Commands\Server\rewrite.php(49): require_once('C:\\xampp\\htdocs\\pelanggan\\public\\index.php')
CRITICAL - 2024-06-22 02:33:11 --> Error: Class "App\Models\Pelanggan\M_Pesanan" not found
[Method: GET, Route: Pesanan]
in APPPATH\Controllers\Pesanan.php on line 11.
 1 SYSTEMPATH\CodeIgniter.php(933): App\Controllers\Pesanan->index()
 2 SYSTEMPATH\CodeIgniter.php(509): CodeIgniter\CodeIgniter->runController(Object(App\Controllers\Pesanan))
 3 SYSTEMPATH\CodeIgniter.php(355): CodeIgniter\CodeIgniter->handleRequest(null, Object(Config\Cache), false)
 4 SYSTEMPATH\Boot.php(312): CodeIgniter\CodeIgniter->run()
 5 SYSTEMPATH\Boot.php(67): CodeIgniter\Boot::runCodeIgniter(Object(CodeIgniter\CodeIgniter))
 6 FCPATH\index.php(56): CodeIgniter\Boot::bootWeb(Object(Config\Paths))
 7 SYSTEMPATH\Commands\Server\rewrite.php(49): require_once('C:\\xampp\\htdocs\\pelanggan\\public\\index.php')
INFO - 2024-06-22 02:34:44 --> Session: Class initialized using 'CodeIgniter\Session\Handlers\FileHandler' driver.
INFO - 2024-06-22 02:34:48 --> Session: Class initialized using 'CodeIgniter\Session\Handlers\FileHandler' driver.
CRITICAL - 2024-06-22 02:35:09 --> Error: Class "App\Models\PesananModel" not found
[Method: POST, Route: Pelanggan/simpanPesanan]
in APPPATH\Controllers\Pelanggan.php on line 11.
 1 SYSTEMPATH\CodeIgniter.php(933): App\Controllers\Pelanggan->simpanPesanan()
 2 SYSTEMPATH\CodeIgniter.php(509): CodeIgniter\CodeIgniter->runController(Object(App\Controllers\Pelanggan))
 3 SYSTEMPATH\CodeIgniter.php(355): CodeIgniter\CodeIgniter->handleRequest(null, Object(Config\Cache), false)
 4 SYSTEMPATH\Boot.php(312): CodeIgniter\CodeIgniter->run()
 5 SYSTEMPATH\Boot.php(67): CodeIgniter\Boot::runCodeIgniter(Object(CodeIgniter\CodeIgniter))
 6 FCPATH\index.php(56): CodeIgniter\Boot::bootWeb(Object(Config\Paths))
 7 SYSTEMPATH\Commands\Server\rewrite.php(49): require_once('C:\\xampp\\htdocs\\pelanggan\\public\\index.php')
CRITICAL - 2024-06-22 02:36:55 --> Error: Class "App\Models\PesananModel" not found
[Method: POST, Route: Pelanggan/simpanPesanan]
in APPPATH\Controllers\Pelanggan.php on line 11.
 1 SYSTEMPATH\CodeIgniter.php(933): App\Controllers\Pelanggan->simpanPesanan()
 2 SYSTEMPATH\CodeIgniter.php(509): CodeIgniter\CodeIgniter->runController(Object(App\Controllers\Pelanggan))
 3 SYSTEMPATH\CodeIgniter.php(355): CodeIgniter\CodeIgniter->handleRequest(null, Object(Config\Cache), false)
 4 SYSTEMPATH\Boot.php(312): CodeIgniter\CodeIgniter->run()
 5 SYSTEMPATH\Boot.php(67): CodeIgniter\Boot::runCodeIgniter(Object(CodeIgniter\CodeIgniter))
 6 FCPATH\index.php(56): CodeIgniter\Boot::bootWeb(Object(Config\Paths))
 7 SYSTEMPATH\Commands\Server\rewrite.php(49): require_once('C:\\xampp\\htdocs\\pelanggan\\public\\index.php')
CRITICAL - 2024-06-22 02:37:48 --> Error: Class "App\Models\PesananModel" not found
[Method: POST, Route: Pelanggan/simpanPesanan]
in APPPATH\Controllers\Pelanggan.php on line 11.
 1 SYSTEMPATH\CodeIgniter.php(933): App\Controllers\Pelanggan->simpanPesanan()
 2 SYSTEMPATH\CodeIgniter.php(509): CodeIgniter\CodeIgniter->runController(Object(App\Controllers\Pelanggan))
 3 SYSTEMPATH\CodeIgniter.php(355): CodeIgniter\CodeIgniter->handleRequest(null, Object(Config\Cache), false)
 4 SYSTEMPATH\Boot.php(312): CodeIgniter\CodeIgniter->run()
 5 SYSTEMPATH\Boot.php(67): CodeIgniter\Boot::runCodeIgniter(Object(CodeIgniter\CodeIgniter))
 6 FCPATH\index.php(56): CodeIgniter\Boot::bootWeb(Object(Config\Paths))
 7 SYSTEMPATH\Commands\Server\rewrite.php(49): require_once('C:\\xampp\\htdocs\\pelanggan\\public\\index.php')
INFO - 2024-06-22 02:37:59 --> Session: Class initialized using 'CodeIgniter\Session\Handlers\FileHandler' driver.
CRITICAL - 2024-06-22 02:42:25 --> Error: Class "App\Models\PesananModel" not found
[Method: POST, Route: Pelanggan/simpanPesanan]
in APPPATH\Controllers\Pelanggan.php on line 11.
 1 SYSTEMPATH\CodeIgniter.php(933): App\Controllers\Pelanggan->simpanPesanan()
 2 SYSTEMPATH\CodeIgniter.php(509): CodeIgniter\CodeIgniter->runController(Object(App\Controllers\Pelanggan))
 3 SYSTEMPATH\CodeIgniter.php(355): CodeIgniter\CodeIgniter->handleRequest(null, Object(Config\Cache), false)
 4 SYSTEMPATH\Boot.php(312): CodeIgniter\CodeIgniter->run()
 5 SYSTEMPATH\Boot.php(67): CodeIgniter\Boot::runCodeIgniter(Object(CodeIgniter\CodeIgniter))
 6 FCPATH\index.php(56): CodeIgniter\Boot::bootWeb(Object(Config\Paths))
 7 SYSTEMPATH\Commands\Server\rewrite.php(49): require_once('C:\\xampp\\htdocs\\pelanggan\\public\\index.php')
CRITICAL - 2024-06-22 02:42:33 --> Error: Class "App\Models\PesananModel" not found
[Method: POST, Route: Pelanggan/simpanPesanan]
in APPPATH\Controllers\Pelanggan.php on line 11.
 1 SYSTEMPATH\CodeIgniter.php(933): App\Controllers\Pelanggan->simpanPesanan()
 2 SYSTEMPATH\CodeIgniter.php(509): CodeIgniter\CodeIgniter->runController(Object(App\Controllers\Pelanggan))
 3 SYSTEMPATH\CodeIgniter.php(355): CodeIgniter\CodeIgniter->handleRequest(null, Object(Config\Cache), false)
 4 SYSTEMPATH\Boot.php(312): CodeIgniter\CodeIgniter->run()
 5 SYSTEMPATH\Boot.php(67): CodeIgniter\Boot::runCodeIgniter(Object(CodeIgniter\CodeIgniter))
 6 FCPATH\index.php(56): CodeIgniter\Boot::bootWeb(Object(Config\Paths))
 7 SYSTEMPATH\Commands\Server\rewrite.php(49): require_once('C:\\xampp\\htdocs\\pelanggan\\public\\index.php')
CRITICAL - 2024-06-22 02:43:05 --> Error: Class "App\Models\PesananModel" not found
[Method: POST, Route: Pelanggan/simpanPesanan]
in APPPATH\Controllers\Pelanggan.php on line 11.
 1 SYSTEMPATH\CodeIgniter.php(933): App\Controllers\Pelanggan->simpanPesanan()
 2 SYSTEMPATH\CodeIgniter.php(509): CodeIgniter\CodeIgniter->runController(Object(App\Controllers\Pelanggan))
 3 SYSTEMPATH\CodeIgniter.php(355): CodeIgniter\CodeIgniter->handleRequest(null, Object(Config\Cache), false)
 4 SYSTEMPATH\Boot.php(312): CodeIgniter\CodeIgniter->run()
 5 SYSTEMPATH\Boot.php(67): CodeIgniter\Boot::runCodeIgniter(Object(CodeIgniter\CodeIgniter))
 6 FCPATH\index.php(56): CodeIgniter\Boot::bootWeb(Object(Config\Paths))
 7 SYSTEMPATH\Commands\Server\rewrite.php(49): require_once('C:\\xampp\\htdocs\\pelanggan\\public\\index.php')
CRITICAL - 2024-06-22 02:43:29 --> Error: Class "App\Models\PesananModel" not found
[Method: POST, Route: Pelanggan/simpanPesanan]
in APPPATH\Controllers\Pelanggan.php on line 11.
 1 SYSTEMPATH\CodeIgniter.php(933): App\Controllers\Pelanggan->simpanPesanan()
 2 SYSTEMPATH\CodeIgniter.php(509): CodeIgniter\CodeIgniter->runController(Object(App\Controllers\Pelanggan))
 3 SYSTEMPATH\CodeIgniter.php(355): CodeIgniter\CodeIgniter->handleRequest(null, Object(Config\Cache), false)
 4 SYSTEMPATH\Boot.php(312): CodeIgniter\CodeIgniter->run()
 5 SYSTEMPATH\Boot.php(67): CodeIgniter\Boot::runCodeIgniter(Object(CodeIgniter\CodeIgniter))
 6 FCPATH\index.php(56): CodeIgniter\Boot::bootWeb(Object(Config\Paths))
 7 SYSTEMPATH\Commands\Server\rewrite.php(49): require_once('C:\\xampp\\htdocs\\pelanggan\\public\\index.php')
INFO - 2024-06-22 02:43:31 --> Session: Class initialized using 'CodeIgniter\Session\Handlers\FileHandler' driver.
